{"C:\\Users\\归去来兮\\Desktop\\React-Testing-Template\\Full.tsx": {"path":"C:\\Users\\归去来兮\\Desktop\\React-Testing-Template\\Full.tsx","statementMap":{"0":{"start":{"line":1,"column":0},"end":{"line":1,"column":51}},"1":{"start":{"line":2,"column":0},"end":{"line":2,"column":26}},"2":{"start":{"line":10,"column":26},"end":{"line":26,"column":2}},"3":{"start":{"line":28,"column":19},"end":{"line":30,"column":1}},"4":{"start":{"line":29,"column":2},"end":{"line":29,"column":26}},"5":{"start":{"line":32,"column":18},"end":{"line":38,"column":1}},"6":{"start":{"line":33,"column":2},"end":{"line":37,"column":5}},"7":{"start":{"line":34,"column":4},"end":{"line":36,"column":13}},"8":{"start":{"line":35,"column":6},"end":{"line":35,"column":26}},"9":{"start":{"line":46,"column":30},"end":{"line":96,"column":1}},"10":{"start":{"line":47,"column":12},"end":{"line":47,"column":null}},"11":{"start":{"line":48,"column":12},"end":{"line":48,"column":null}},"12":{"start":{"line":49,"column":11},"end":{"line":49,"column":null}},"13":{"start":{"line":50,"column":10},"end":{"line":50,"column":null}},"14":{"start":{"line":52,"column":26},"end":{"line":52,"column":53}},"15":{"start":{"line":52,"column":13},"end":{"line":52,"column":15}},"16":{"start":{"line":52,"column":22},"end":{"line":52,"column":26}},"17":{"start":{"line":54,"column":2},"end":{"line":62,"column":5}},"18":{"start":{"line":55,"column":4},"end":{"line":58,"column":9}},"19":{"start":{"line":55,"column":5},"end":{"line":58,"column":6}},"20":{"start":{"line":56,"column":18},"end":{"line":56,"column":null}},"21":{"start":{"line":56,"column":12},"end":{"line":56,"column":null}},"22":{"start":{"line":57,"column":6},"end":{"line":57,"column":23}},"23":{"start":{"line":60,"column":4},"end":{"line":60,"column":23}},"24":{"start":{"line":61,"column":4},"end":{"line":61,"column":22}},"25":{"start":{"line":64,"column":21},"end":{"line":64,"column":49}},"26":{"start":{"line":64,"column":46},"end":{"line":64,"column":50}},"27":{"start":{"line":66,"column":2},"end":{"line":95,"column":4}},"28":{"start":{"line":73,"column":10},"end":{"line":73,"column":32}},"29":{"start":{"line":81,"column":10},"end":{"line":81,"column":31}},"30":{"start":{"line":87,"column":23},"end":{"line":87,"column":25}},"31":{"start":{"line":87,"column":27},"end":{"line":87,"column":29}},"32":{"start":{"line":87,"column":33},"end":{"line":87,"column":35}},"33":{"start":{"line":88,"column":8},"end":{"line":92,"column":10}},"34":{"start":{"line":98,"column":0},"end":{"line":98,"column":20}}},"fnMap":{"0":{"name":"(anonymous_20)","decl":{"start":{"line":28,"column":19},"end":{"line":28,"column":20}},"loc":{"start":{"line":28,"column":31},"end":{"line":30,"column":1}}},"1":{"name":"(anonymous_21)","decl":{"start":{"line":32,"column":18},"end":{"line":32,"column":19}},"loc":{"start":{"line":32,"column":30},"end":{"line":38,"column":1}}},"2":{"name":"(anonymous_22)","decl":{"start":{"line":33,"column":29},"end":{"line":33,"column":30}},"loc":{"start":{"line":33,"column":45},"end":{"line":37,"column":3}}},"3":{"name":"(anonymous_23)","decl":{"start":{"line":34,"column":15},"end":{"line":34,"column":null}},"loc":{"start":{"line":34,"column":15},"end":{"line":36,"column":5}}},"4":{"name":"(anonymous_24)","decl":{"start":{"line":46,"column":30},"end":{"line":46,"column":31}},"loc":{"start":{"line":51,"column":1},"end":{"line":96,"column":1}}},"5":{"name":"(anonymous_25)","decl":{"start":{"line":54,"column":12},"end":{"line":54,"column":null}},"loc":{"start":{"line":54,"column":12},"end":{"line":62,"column":3}}},"6":{"name":"(anonymous_26)","decl":{"start":{"line":55,"column":5},"end":{"line":55,"column":null}},"loc":{"start":{"line":55,"column":5},"end":{"line":58,"column":6}}},"7":{"name":"(anonymous_29)","decl":{"start":{"line":64,"column":21},"end":{"line":64,"column":22}},"loc":{"start":{"line":64,"column":33},"end":{"line":64,"column":49}}},"8":{"name":"(anonymous_30)","decl":{"start":{"line":72,"column":17},"end":{"line":72,"column":null}},"loc":{"start":{"line":72,"column":17},"end":{"line":74,"column":9}}},"9":{"name":"(anonymous_31)","decl":{"start":{"line":80,"column":17},"end":{"line":80,"column":null}},"loc":{"start":{"line":80,"column":17},"end":{"line":82,"column":9}}},"10":{"name":"(anonymous_32)","decl":{"start":{"line":87,"column":16},"end":{"line":87,"column":17}},"loc":{"start":{"line":87,"column":42},"end":{"line":93,"column":7}}}},"branchMap":{"0":{"loc":{"start":{"line":56,"column":18},"end":{"line":56,"column":null}},"type":"switch","locations":[{"start":{"line":56,"column":18},"end":{"line":56,"column":null}}]}},"s":{"0":1,"1":1,"2":1,"3":1,"4":0,"5":1,"6":0,"7":0,"8":0,"9":1,"10":1,"11":1,"12":1,"13":1,"14":1,"15":1,"16":1,"17":1,"18":1,"19":1,"20":1,"21":0,"22":0,"23":1,"24":1,"25":1,"26":0,"27":1,"28":0,"29":0,"30":3,"31":3,"32":3,"33":3,"34":1},"f":{"0":0,"1":0,"2":0,"3":0,"4":1,"5":1,"6":2,"7":0,"8":0,"9":0,"10":3},"b":{"0":[1]}}
,"C:\\Users\\归去来兮\\Desktop\\React-Testing-Template\\comp.tsx": {"path":"C:\\Users\\归去来兮\\Desktop\\React-Testing-Template\\comp.tsx","statementMap":{"0":{"start":{"line":1,"column":0},"end":{"line":1,"column":26}},"1":{"start":{"line":3,"column":13},"end":{"line":5,"column":1}},"2":{"start":{"line":4,"column":2},"end":{"line":4,"column":20}},"3":{"start":{"line":7,"column":0},"end":{"line":7,"column":20}}},"fnMap":{"0":{"name":"(anonymous_1)","decl":{"start":{"line":3,"column":13},"end":{"line":3,"column":null}},"loc":{"start":{"line":3,"column":13},"end":{"line":5,"column":1}}}},"branchMap":{},"s":{"0":1,"1":1,"2":1,"3":1},"f":{"0":1},"b":{}}
}
