TN:
SF:Full.tsx
FN:28,(anonymous_20)
FN:32,(anonymous_21)
FN:33,(anonymous_22)
FN:34,(anonymous_23)
FN:46,(anonymous_24)
FN:54,(anonymous_25)
FN:55,(anonymous_26)
FN:64,(anonymous_29)
FN:72,(anonymous_30)
FN:80,(anonymous_31)
FN:87,(anonymous_32)
FNF:11
FNH:4
FNDA:0,(anonymous_20)
FNDA:0,(anonymous_21)
FNDA:0,(anonymous_22)
FNDA:0,(anonymous_23)
FNDA:1,(anonymous_24)
FNDA:1,(anonymous_25)
FNDA:2,(anonymous_26)
FNDA:0,(anonymous_29)
FNDA:0,(anonymous_30)
FNDA:0,(anonymous_31)
FNDA:3,(anonymous_32)
DA:1,1
DA:2,1
DA:10,1
DA:28,1
DA:29,0
DA:32,1
DA:33,0
DA:34,0
DA:35,0
DA:46,1
DA:47,1
DA:48,1
DA:49,1
DA:50,1
DA:52,1
DA:54,1
DA:55,1
DA:56,1
DA:57,0
DA:60,1
DA:61,1
DA:64,1
DA:66,1
DA:73,0
DA:81,0
DA:87,3
DA:88,3
DA:98,1
LF:28
LH:21
BRDA:56,0,0,1
BRF:1
BRH:1
end_of_record
TN:
SF:comp.tsx
FN:3,(anonymous_1)
FNF:1
FNH:1
FNDA:1,(anonymous_1)
DA:1,1
DA:3,1
DA:4,1
DA:7,1
LF:4
LH:4
BRF:0
BRH:0
end_of_record
